<?xml version="1.0" encoding="UTF-8"?>
<!-- Generated by org.testng.reporters.JUnitXMLReporter -->
<testsuite ignored="0" hostname="DESKTOP-UJ1ABA6" failures="1" tests="1" name="Ebay App Test" time="0.075" errors="0" timestamp="2022-04-14T16:08:37 IST">
  <testcase classname="com.parameters.TestngParameters" name="ebayLogintest" time="0.0">
    <failure type="org.testng.TestNGException" message="
Parameter &amp;apos;lastname&amp;apos; is required by @Test on method ebayLogintest but has not been marked @Optional or defined
in C:\Users\Faiz Riyaz\eclipse-workspace\1Selenium\src\com\parameters\TestngParameters.xml">
      <![CDATA[org.testng.TestNGException: 
Parameter 'lastname' is required by @Test on method ebayLogintest but has not been marked @Optional or defined
in C:\Users\Faiz Riyaz\eclipse-workspace\1Selenium\src\com\parameters\TestngParameters.xml
at java.base/java.util.ArrayList.forEach(ArrayList.java:1511)
... Removed 26 stack frames]]>
    </failure>
  </testcase> <!-- ebayLogintest -->
</testsuite> <!-- Ebay App Test -->
